clearCache.sh

# !/bin/bash
# 注意，我们这里使用了 "echo 3"，但是不推荐使用在产品环境中，应该使用 "echo 1"
sync && echo 3 > /proc/sys/vm/drop_caches
	
*/10 * * * * /opt/task/clearCache.sh

http://192.168.1.12:9993/jenkins/project/jcommons

clean deploy -P release -Dgpg.passphrase=12345678

configuretion
	配置信息封装

	解析配置信息
		1. 使用xStream插件加载XML配置信息
		2. 缓存sheet标记对应的配置信息
		3. 提供获取模板的接口

		Excel配置解析器
			ExcelConfigParser
				// 加载配置信息
				loadConfig(File config);
				// 缓存配置信息
				cacheConfig();

		Excel配置模板
			ExcelConfigTemplate
			getSheetConfig(sheetID);

		Excel操作接口
			ExcelOperation
			读
				Object read(String sheetId, File excel);
			写
				void write(String sheetId, File excel, List listData);

				void write(String sheetId, File excel, List<Map> listMapData);

				void write(String sheetId, File excel, Map mapData);

				void write(String sheetId, File excel, Map<List> mapListData);

		Excel模板
			ExcelTemplate
		
		Excel总配置文件
			data-transfer-excel.xml


	设计客户端API
		输入
			模板ID
		输出
			Map数据

http://localhost:8080/transfer/assettransfer/cancel

{
 "sessionContext": {
    "userReferenceNumber": "1234567890",
    "stepCode": "1",
    "channel": "TMS",
    "serviceCode": "0001"
  },
  "productNumber": "c55222c8-2c89-466b-9c8c-59ca6c6cec4d"
}

amt_profit_recover 改成 amt_recover


Jenkins Email-ext Plugin

.travis.yml

language: java

jdk:
  - oraclejdk7
  - oraclejdk8

# blacklist 黑名单
branches:
  except:
    - legacy
    - experimental

# whitelist 白名单
branches:
  only:
    - master
    - develop

before_install:
  - sudo add-apt-repository ppa:ubuntu-toolchain-r/test -y
  - sudo apt-get update -q
  - sudo apt-get install gcc-4.8 -y

install:
  - mvn install -Dmaven.test.skip=true

before_script:
  - mvn clean

notifications:
  email:
    - 1243610991@qq.com